{
  "stats": {
    "suites": 12,
    "tests": 12,
    "passes": 12,
    "pending": 0,
    "failures": 0,
    "start": "2021-07-25T21:56:44.806Z",
    "end": "2021-07-25T21:56:48.852Z",
    "duration": 4046,
    "testsRegistered": 12,
    "passPercent": 100,
    "pendingPercent": 0,
    "other": 0,
    "hasOther": false,
    "skipped": 0,
    "hasSkipped": false
  },
  "results": [
    {
      "uuid": "7fcd672e-91e2-460c-b211-70708724c986",
      "title": "",
      "fullFile": "",
      "file": "",
      "beforeHooks": [],
      "afterHooks": [],
      "tests": [],
      "suites": [
        {
          "uuid": "ac3ad835-73a4-432f-abc6-09bbe52beebf",
          "title": "Post User",
          "fullFile": "C:\\Users\\andre\\Documents\\test\\app\\unitTests\\API\\accountTest.js",
          "file": "\\accountTest.js",
          "beforeHooks": [
            {
              "title": "\"before each\" hook in \"Post User\"",
              "fullTitle": "Post User \"before each\" hook in \"Post User\"",
              "timedOut": false,
              "duration": 498,
              "state": null,
              "speed": null,
              "pass": false,
              "fail": false,
              "pending": false,
              "context": null,
              "code": "server = require('../../server.js');",
              "err": {},
              "uuid": "e1156089-8241-42d7-abb8-106cbdcbace9",
              "parentUUID": "ac3ad835-73a4-432f-abc6-09bbe52beebf",
              "isHook": true,
              "skipped": false
            }
          ],
          "afterHooks": [
            {
              "title": "\"after each\" hook in \"Post User\"",
              "fullTitle": "Post User \"after each\" hook in \"Post User\"",
              "timedOut": false,
              "duration": 0,
              "state": null,
              "speed": null,
              "pass": false,
              "fail": false,
              "pending": false,
              "context": null,
              "code": "server.close();",
              "err": {},
              "uuid": "aa36745f-e9e8-4e95-bec1-becba12d4316",
              "parentUUID": "ac3ad835-73a4-432f-abc6-09bbe52beebf",
              "isHook": true,
              "skipped": false
            }
          ],
          "tests": [
            {
              "title": "responds to /api/account",
              "fullTitle": "Post User responds to /api/account",
              "timedOut": false,
              "duration": 1421,
              "state": "passed",
              "speed": "slow",
              "pass": true,
              "fail": false,
              "pending": false,
              "context": null,
              "code": "this.timeout(3000)\n    request(server)\n      .post('/api/account')\n      .send({ 'name': 'Test User', 'password': 'qwerty' })\n      .expect(200)\n      .end(function (err, res) {\n        if (err) return done(err);\n        return done();\n      });",
              "err": {},
              "uuid": "c801fcee-9e0b-4874-bfeb-5af62ab657c2",
              "parentUUID": "ac3ad835-73a4-432f-abc6-09bbe52beebf",
              "isHook": false,
              "skipped": false
            }
          ],
          "suites": [],
          "passes": [
            "c801fcee-9e0b-4874-bfeb-5af62ab657c2"
          ],
          "failures": [],
          "pending": [],
          "skipped": [],
          "duration": 1421,
          "root": false,
          "rootEmpty": false,
          "_timeout": 2000
        },
        {
          "uuid": "971fa367-e28a-49ae-b02c-64fdb44c168d",
          "title": "Authenticate user",
          "fullFile": "C:\\Users\\andre\\Documents\\test\\app\\unitTests\\API\\accountTest.js",
          "file": "\\accountTest.js",
          "beforeHooks": [
            {
              "title": "\"before each\" hook in \"Authenticate user\"",
              "fullTitle": "Authenticate user \"before each\" hook in \"Authenticate user\"",
              "timedOut": false,
              "duration": 0,
              "state": null,
              "speed": null,
              "pass": false,
              "fail": false,
              "pending": false,
              "context": null,
              "code": "server = require('../../server.js');",
              "err": {},
              "uuid": "11bdcbf1-a021-4276-8747-79f563031dd0",
              "parentUUID": "971fa367-e28a-49ae-b02c-64fdb44c168d",
              "isHook": true,
              "skipped": false
            }
          ],
          "afterHooks": [
            {
              "title": "\"after each\" hook in \"Authenticate user\"",
              "fullTitle": "Authenticate user \"after each\" hook in \"Authenticate user\"",
              "timedOut": false,
              "duration": 0,
              "state": null,
              "speed": null,
              "pass": false,
              "fail": false,
              "pending": false,
              "context": null,
              "code": "server.close();",
              "err": {},
              "uuid": "969e2034-9293-40b3-9791-add60fc017c6",
              "parentUUID": "971fa367-e28a-49ae-b02c-64fdb44c168d",
              "isHook": true,
              "skipped": false
            }
          ],
          "tests": [
            {
              "title": "responds to /api/auth",
              "fullTitle": "Authenticate user responds to /api/auth",
              "timedOut": false,
              "duration": 105,
              "state": "passed",
              "speed": "slow",
              "pass": true,
              "fail": false,
              "pending": false,
              "context": null,
              "code": "this.timeout(3000)\n    request(server)\n      .post('/api/auth')\n      .auth('Test User', 'qwerty')\n      .expect(200)\n      .expect('Content-Type', /json/)\n      .end(function (err, res) {\n        \n        if (err) {\n          console.log(err)\n          return done(err);\n        }\n        console.log(res.body)\n        token = res.body.token;\n        return done();\n      });",
              "err": {},
              "uuid": "573b3513-a706-4194-8bce-915f61693056",
              "parentUUID": "971fa367-e28a-49ae-b02c-64fdb44c168d",
              "isHook": false,
              "skipped": false
            }
          ],
          "suites": [],
          "passes": [
            "573b3513-a706-4194-8bce-915f61693056"
          ],
          "failures": [],
          "pending": [],
          "skipped": [],
          "duration": 105,
          "root": false,
          "rootEmpty": false,
          "_timeout": 2000
        },
        {
          "uuid": "57e0a1d6-b14c-4791-be54-413659e52926",
          "title": "Update account",
          "fullFile": "C:\\Users\\andre\\Documents\\test\\app\\unitTests\\API\\accountTest.js",
          "file": "\\accountTest.js",
          "beforeHooks": [
            {
              "title": "\"before each\" hook in \"Update account\"",
              "fullTitle": "Update account \"before each\" hook in \"Update account\"",
              "timedOut": false,
              "duration": 0,
              "state": null,
              "speed": null,
              "pass": false,
              "fail": false,
              "pending": false,
              "context": null,
              "code": "server = require('../../server.js');",
              "err": {},
              "uuid": "6a33dc4e-13b1-465d-a190-6538dace24e7",
              "parentUUID": "57e0a1d6-b14c-4791-be54-413659e52926",
              "isHook": true,
              "skipped": false
            }
          ],
          "afterHooks": [
            {
              "title": "\"after each\" hook in \"Update account\"",
              "fullTitle": "Update account \"after each\" hook in \"Update account\"",
              "timedOut": false,
              "duration": 0,
              "state": null,
              "speed": null,
              "pass": false,
              "fail": false,
              "pending": false,
              "context": null,
              "code": "server.close();",
              "err": {},
              "uuid": "1425f434-41b4-4864-9ae3-59ba20fb38bf",
              "parentUUID": "57e0a1d6-b14c-4791-be54-413659e52926",
              "isHook": true,
              "skipped": false
            }
          ],
          "tests": [
            {
              "title": "responds to /api/account",
              "fullTitle": "Update account responds to /api/account",
              "timedOut": false,
              "duration": 299,
              "state": "passed",
              "speed": "slow",
              "pass": true,
              "fail": false,
              "pending": false,
              "context": null,
              "code": "this.timeout(3000)\n    request(server)\n      .put('/api/account')\n      .set({'Authorization': `Bearer ${token}`})\n      .send({'name': 'Test User New Name!', 'password': 'qwerty'})\n      .expect(200)\n      .expect('Content-Type', /json/)\n      .end(function (err, res) {\n        if (err) return done(err);\n        return done();\n      });",
              "err": {},
              "uuid": "80b7b6b8-3979-4174-bbe0-2bf8a84a3ee2",
              "parentUUID": "57e0a1d6-b14c-4791-be54-413659e52926",
              "isHook": false,
              "skipped": false
            }
          ],
          "suites": [],
          "passes": [
            "80b7b6b8-3979-4174-bbe0-2bf8a84a3ee2"
          ],
          "failures": [],
          "pending": [],
          "skipped": [],
          "duration": 299,
          "root": false,
          "rootEmpty": false,
          "_timeout": 2000
        },
        {
          "uuid": "776754cb-34b8-4f09-87a5-5dd667b5b74d",
          "title": "Delete Account",
          "fullFile": "C:\\Users\\andre\\Documents\\test\\app\\unitTests\\API\\accountTest.js",
          "file": "\\accountTest.js",
          "beforeHooks": [
            {
              "title": "\"before each\" hook in \"Delete Account\"",
              "fullTitle": "Delete Account \"before each\" hook in \"Delete Account\"",
              "timedOut": false,
              "duration": 0,
              "state": null,
              "speed": null,
              "pass": false,
              "fail": false,
              "pending": false,
              "context": null,
              "code": "server = require('../../server.js');",
              "err": {},
              "uuid": "41418bcd-2490-4ec4-b1a5-3d2d5327902d",
              "parentUUID": "776754cb-34b8-4f09-87a5-5dd667b5b74d",
              "isHook": true,
              "skipped": false
            }
          ],
          "afterHooks": [
            {
              "title": "\"after each\" hook in \"Delete Account\"",
              "fullTitle": "Delete Account \"after each\" hook in \"Delete Account\"",
              "timedOut": false,
              "duration": 1,
              "state": null,
              "speed": null,
              "pass": false,
              "fail": false,
              "pending": false,
              "context": null,
              "code": "server.close();",
              "err": {},
              "uuid": "172cc038-9104-4551-86f9-dea301f53402",
              "parentUUID": "776754cb-34b8-4f09-87a5-5dd667b5b74d",
              "isHook": true,
              "skipped": false
            }
          ],
          "tests": [
            {
              "title": "responds to /api/account",
              "fullTitle": "Delete Account responds to /api/account",
              "timedOut": false,
              "duration": 283,
              "state": "passed",
              "speed": "slow",
              "pass": true,
              "fail": false,
              "pending": false,
              "context": null,
              "code": "this.timeout(3000)\n  request(server)\n    .delete('/api/account/')\n    .expect(200)\n    .set({'Authorization': `Bearer ${token}`})\n    .expect('Content-Type', /json/)\n    .end(function(err, res) {\n    \n      if (err) {\n        console.log(err)\n        return done(err);\n      }\n      console.log(res.body)\n      return done();\n    });",
              "err": {},
              "uuid": "f19f58d8-ec4c-473c-b334-da61647bdf0d",
              "parentUUID": "776754cb-34b8-4f09-87a5-5dd667b5b74d",
              "isHook": false,
              "skipped": false
            }
          ],
          "suites": [],
          "passes": [
            "f19f58d8-ec4c-473c-b334-da61647bdf0d"
          ],
          "failures": [],
          "pending": [],
          "skipped": [],
          "duration": 283,
          "root": false,
          "rootEmpty": false,
          "_timeout": 2000
        },
        {
          "uuid": "b7e8a6e7-7f80-4358-837f-84f03c0fc1f1",
          "title": "Get Accounts",
          "fullFile": "C:\\Users\\andre\\Documents\\test\\app\\unitTests\\API\\accountTest.js",
          "file": "\\accountTest.js",
          "beforeHooks": [
            {
              "title": "\"before each\" hook in \"Get Accounts\"",
              "fullTitle": "Get Accounts \"before each\" hook in \"Get Accounts\"",
              "timedOut": false,
              "duration": 0,
              "state": null,
              "speed": null,
              "pass": false,
              "fail": false,
              "pending": false,
              "context": null,
              "code": "server = require('../../server.js');",
              "err": {},
              "uuid": "9f5bdd18-6a70-4861-9ed3-7d440da37a24",
              "parentUUID": "b7e8a6e7-7f80-4358-837f-84f03c0fc1f1",
              "isHook": true,
              "skipped": false
            }
          ],
          "afterHooks": [
            {
              "title": "\"after each\" hook in \"Get Accounts\"",
              "fullTitle": "Get Accounts \"after each\" hook in \"Get Accounts\"",
              "timedOut": false,
              "duration": 0,
              "state": null,
              "speed": null,
              "pass": false,
              "fail": false,
              "pending": false,
              "context": null,
              "code": "server.close();",
              "err": {},
              "uuid": "a7019eb7-4e93-4530-8937-5c54eb3ff196",
              "parentUUID": "b7e8a6e7-7f80-4358-837f-84f03c0fc1f1",
              "isHook": true,
              "skipped": false
            }
          ],
          "tests": [
            {
              "title": "responds to /api/account",
              "fullTitle": "Get Accounts responds to /api/account",
              "timedOut": false,
              "duration": 106,
              "state": "passed",
              "speed": "slow",
              "pass": true,
              "fail": false,
              "pending": false,
              "context": null,
              "code": "request(server)\n  .get('/api/account')\n  .expect(200)\n  .expect('Content-Type', /json/)\n  .end(function(err, res) {\n    \n    if (err) {\n      console.log(err)\n      return done(err);\n    }\n    return done();\n  });",
              "err": {},
              "uuid": "b8984ac0-fe69-44d1-a81f-9992570d09b7",
              "parentUUID": "b7e8a6e7-7f80-4358-837f-84f03c0fc1f1",
              "isHook": false,
              "skipped": false
            }
          ],
          "suites": [],
          "passes": [
            "b8984ac0-fe69-44d1-a81f-9992570d09b7"
          ],
          "failures": [],
          "pending": [],
          "skipped": [],
          "duration": 106,
          "root": false,
          "rootEmpty": false,
          "_timeout": 2000
        },
        {
          "uuid": "6502eaa8-1561-47c9-87a0-4511e0e10195",
          "title": "Documentation Redirectioning",
          "fullFile": "C:\\Users\\andre\\Documents\\test\\app\\unitTests\\API\\documentationTest.js",
          "file": "\\documentationTest.js",
          "beforeHooks": [
            {
              "title": "\"before each\" hook in \"Documentation Redirectioning\"",
              "fullTitle": "Documentation Redirectioning \"before each\" hook in \"Documentation Redirectioning\"",
              "timedOut": false,
              "duration": 0,
              "state": null,
              "speed": null,
              "pass": false,
              "fail": false,
              "pending": false,
              "context": null,
              "code": "server = require('../../server.js');",
              "err": {},
              "uuid": "ec8ec222-c22a-4eb6-8670-cfecdb62e579",
              "parentUUID": "6502eaa8-1561-47c9-87a0-4511e0e10195",
              "isHook": true,
              "skipped": false
            }
          ],
          "afterHooks": [
            {
              "title": "\"after each\" hook in \"Documentation Redirectioning\"",
              "fullTitle": "Documentation Redirectioning \"after each\" hook in \"Documentation Redirectioning\"",
              "timedOut": false,
              "duration": 0,
              "state": null,
              "speed": null,
              "pass": false,
              "fail": false,
              "pending": false,
              "context": null,
              "code": "server.close();",
              "err": {},
              "uuid": "7147f7bf-eac8-4a24-adbc-5e5e8304ca07",
              "parentUUID": "6502eaa8-1561-47c9-87a0-4511e0e10195",
              "isHook": true,
              "skipped": false
            }
          ],
          "tests": [
            {
              "title": "responds to /api/documentation",
              "fullTitle": "Documentation Redirectioning responds to /api/documentation",
              "timedOut": false,
              "duration": 5,
              "state": "passed",
              "speed": "fast",
              "pass": true,
              "fail": false,
              "pending": false,
              "context": null,
              "code": "this.timeout(3000)\n    request(server)\n      .get('/api/documentation')\n      .expect(302)\n      .end(function (err, res) {\n        if (err) return done(err);\n        return done();\n      });",
              "err": {},
              "uuid": "3a631bc9-8b36-4cf1-8222-b000ad14954f",
              "parentUUID": "6502eaa8-1561-47c9-87a0-4511e0e10195",
              "isHook": false,
              "skipped": false
            }
          ],
          "suites": [],
          "passes": [
            "3a631bc9-8b36-4cf1-8222-b000ad14954f"
          ],
          "failures": [],
          "pending": [],
          "skipped": [],
          "duration": 5,
          "root": false,
          "rootEmpty": false,
          "_timeout": 2000
        },
        {
          "uuid": "0e257def-68a5-4238-9d43-3ec6d616b89c",
          "title": "Get Posts",
          "fullFile": "C:\\Users\\andre\\Documents\\test\\app\\unitTests\\API\\postsTest.js",
          "file": "\\postsTest.js",
          "beforeHooks": [
            {
              "title": "\"before each\" hook in \"Get Posts\"",
              "fullTitle": "Get Posts \"before each\" hook in \"Get Posts\"",
              "timedOut": false,
              "duration": 0,
              "state": null,
              "speed": null,
              "pass": false,
              "fail": false,
              "pending": false,
              "context": null,
              "code": "server = require('../../server.js');",
              "err": {},
              "uuid": "71f8ca67-0139-4cb8-b9bc-ca928589a058",
              "parentUUID": "0e257def-68a5-4238-9d43-3ec6d616b89c",
              "isHook": true,
              "skipped": false
            }
          ],
          "afterHooks": [
            {
              "title": "\"after each\" hook in \"Get Posts\"",
              "fullTitle": "Get Posts \"after each\" hook in \"Get Posts\"",
              "timedOut": false,
              "duration": 0,
              "state": null,
              "speed": null,
              "pass": false,
              "fail": false,
              "pending": false,
              "context": null,
              "code": "server.close();",
              "err": {},
              "uuid": "a4e18446-4637-420d-a375-48edb645121b",
              "parentUUID": "0e257def-68a5-4238-9d43-3ec6d616b89c",
              "isHook": true,
              "skipped": false
            }
          ],
          "tests": [
            {
              "title": "responds to /api/post",
              "fullTitle": "Get Posts responds to /api/post",
              "timedOut": false,
              "duration": 205,
              "state": "passed",
              "speed": "slow",
              "pass": true,
              "fail": false,
              "pending": false,
              "context": null,
              "code": "request(server)\n  .get('/api/post')\n  .expect(200)\n  .expect('Content-Type', /json/)\n  .end(function(err, res) {\n    \n    if (err) {\n      console.log(err)\n      return done(err);\n    }\n    return done();\n  });",
              "err": {},
              "uuid": "35e3af59-0686-480d-a959-f1db8060958c",
              "parentUUID": "0e257def-68a5-4238-9d43-3ec6d616b89c",
              "isHook": false,
              "skipped": false
            }
          ],
          "suites": [],
          "passes": [
            "35e3af59-0686-480d-a959-f1db8060958c"
          ],
          "failures": [],
          "pending": [],
          "skipped": [],
          "duration": 205,
          "root": false,
          "rootEmpty": false,
          "_timeout": 2000
        },
        {
          "uuid": "ee0d54f8-801e-44dc-8d03-3b632a66cb5e",
          "title": "Authenticate user",
          "fullFile": "C:\\Users\\andre\\Documents\\test\\app\\unitTests\\API\\postsTest.js",
          "file": "\\postsTest.js",
          "beforeHooks": [
            {
              "title": "\"before each\" hook in \"Authenticate user\"",
              "fullTitle": "Authenticate user \"before each\" hook in \"Authenticate user\"",
              "timedOut": false,
              "duration": 1,
              "state": null,
              "speed": null,
              "pass": false,
              "fail": false,
              "pending": false,
              "context": null,
              "code": "server = require('../../server.js');",
              "err": {},
              "uuid": "a3973e7b-a926-4a46-81f7-1d00d66a3df7",
              "parentUUID": "ee0d54f8-801e-44dc-8d03-3b632a66cb5e",
              "isHook": true,
              "skipped": false
            }
          ],
          "afterHooks": [
            {
              "title": "\"after each\" hook in \"Authenticate user\"",
              "fullTitle": "Authenticate user \"after each\" hook in \"Authenticate user\"",
              "timedOut": false,
              "duration": 0,
              "state": null,
              "speed": null,
              "pass": false,
              "fail": false,
              "pending": false,
              "context": null,
              "code": "server.close();",
              "err": {},
              "uuid": "a2560aba-e326-4812-9901-7726bcab4498",
              "parentUUID": "ee0d54f8-801e-44dc-8d03-3b632a66cb5e",
              "isHook": true,
              "skipped": false
            }
          ],
          "tests": [
            {
              "title": "responds to /api/auth",
              "fullTitle": "Authenticate user responds to /api/auth",
              "timedOut": false,
              "duration": 98,
              "state": "passed",
              "speed": "slow",
              "pass": true,
              "fail": false,
              "pending": false,
              "context": null,
              "code": "this.timeout(3000)\n    request(server)\n      .post('/api/auth')\n      .auth('Test User', 'qwerty')\n      .expect(200)\n      .expect('Content-Type', /json/)\n      .end(function (err, res) {\n        \n        if (err) {\n          console.log(err)\n          return done(err);\n        }\n        console.log(res.body)\n        token = res.body.token;\n        return done();\n      });",
              "err": {},
              "uuid": "3db4c441-3776-490e-a006-4a9074acae73",
              "parentUUID": "ee0d54f8-801e-44dc-8d03-3b632a66cb5e",
              "isHook": false,
              "skipped": false
            }
          ],
          "suites": [],
          "passes": [
            "3db4c441-3776-490e-a006-4a9074acae73"
          ],
          "failures": [],
          "pending": [],
          "skipped": [],
          "duration": 98,
          "root": false,
          "rootEmpty": false,
          "_timeout": 2000
        },
        {
          "uuid": "471bcb21-089e-4585-a136-4d3272ec53c7",
          "title": "Make a Post",
          "fullFile": "C:\\Users\\andre\\Documents\\test\\app\\unitTests\\API\\postsTest.js",
          "file": "\\postsTest.js",
          "beforeHooks": [
            {
              "title": "\"before each\" hook in \"Make a Post\"",
              "fullTitle": "Make a Post \"before each\" hook in \"Make a Post\"",
              "timedOut": false,
              "duration": 0,
              "state": null,
              "speed": null,
              "pass": false,
              "fail": false,
              "pending": false,
              "context": null,
              "code": "server = require('../../server.js');",
              "err": {},
              "uuid": "750be535-3ba2-44b8-9512-cea71fe5eecc",
              "parentUUID": "471bcb21-089e-4585-a136-4d3272ec53c7",
              "isHook": true,
              "skipped": false
            }
          ],
          "afterHooks": [
            {
              "title": "\"after each\" hook in \"Make a Post\"",
              "fullTitle": "Make a Post \"after each\" hook in \"Make a Post\"",
              "timedOut": false,
              "duration": 0,
              "state": null,
              "speed": null,
              "pass": false,
              "fail": false,
              "pending": false,
              "context": null,
              "code": "server.close();",
              "err": {},
              "uuid": "3209a4d1-f0c7-45c4-890d-4da598fb8199",
              "parentUUID": "471bcb21-089e-4585-a136-4d3272ec53c7",
              "isHook": true,
              "skipped": false
            }
          ],
          "tests": [
            {
              "title": "responds to /api/post",
              "fullTitle": "Make a Post responds to /api/post",
              "timedOut": false,
              "duration": 195,
              "state": "passed",
              "speed": "slow",
              "pass": true,
              "fail": false,
              "pending": false,
              "context": null,
              "code": "this.timeout(3000)\n  request(server)\n    .post('/api/post')\n    .set({'Authorization': `Bearer ${token}`})\n    .send({'title': 'Testing test', 'text': 'This is a text'})\n    .expect(200)\n    .expect('Content-Type', /json/)\n    .end(function(err, res) {\n      \n      if (err) {\n        console.log(err)\n        return done(err);\n      }\n      console.log(res.body)\n      postId = res.body.message._id\n      return done();\n    });",
              "err": {},
              "uuid": "fab23b00-1d0a-4839-9c2a-45a9fc866263",
              "parentUUID": "471bcb21-089e-4585-a136-4d3272ec53c7",
              "isHook": false,
              "skipped": false
            }
          ],
          "suites": [],
          "passes": [
            "fab23b00-1d0a-4839-9c2a-45a9fc866263"
          ],
          "failures": [],
          "pending": [],
          "skipped": [],
          "duration": 195,
          "root": false,
          "rootEmpty": false,
          "_timeout": 2000
        },
        {
          "uuid": "c2743fa9-d1a1-4ed7-9a01-36520f72ad49",
          "title": "Get single Post",
          "fullFile": "C:\\Users\\andre\\Documents\\test\\app\\unitTests\\API\\postsTest.js",
          "file": "\\postsTest.js",
          "beforeHooks": [
            {
              "title": "\"before each\" hook in \"Get single Post\"",
              "fullTitle": "Get single Post \"before each\" hook in \"Get single Post\"",
              "timedOut": false,
              "duration": 0,
              "state": null,
              "speed": null,
              "pass": false,
              "fail": false,
              "pending": false,
              "context": null,
              "code": "server = require('../../server.js');",
              "err": {},
              "uuid": "74ae72b6-7b04-41e6-a72c-df6ab60440e9",
              "parentUUID": "c2743fa9-d1a1-4ed7-9a01-36520f72ad49",
              "isHook": true,
              "skipped": false
            }
          ],
          "afterHooks": [
            {
              "title": "\"after each\" hook in \"Get single Post\"",
              "fullTitle": "Get single Post \"after each\" hook in \"Get single Post\"",
              "timedOut": false,
              "duration": 0,
              "state": null,
              "speed": null,
              "pass": false,
              "fail": false,
              "pending": false,
              "context": null,
              "code": "server.close();",
              "err": {},
              "uuid": "46fa191b-cdf0-49e1-8851-935e9444a1d6",
              "parentUUID": "c2743fa9-d1a1-4ed7-9a01-36520f72ad49",
              "isHook": true,
              "skipped": false
            }
          ],
          "tests": [
            {
              "title": "responds to /api/post",
              "fullTitle": "Get single Post responds to /api/post",
              "timedOut": false,
              "duration": 190,
              "state": "passed",
              "speed": "slow",
              "pass": true,
              "fail": false,
              "pending": false,
              "context": null,
              "code": "this.timeout(3000)\n  request(server)\n    .get('/api/post/'+postId)\n    .expect(200)\n    .expect('Content-Type', /json/)\n    .end(function(err, res) {\n    \n      if (err) {\n        console.log(err)\n        return done(err);\n      }\n      console.log(res.body)\n      return done();\n    });",
              "err": {},
              "uuid": "986c1bab-bbe6-4b88-9f21-1aa6bb65e2e7",
              "parentUUID": "c2743fa9-d1a1-4ed7-9a01-36520f72ad49",
              "isHook": false,
              "skipped": false
            }
          ],
          "suites": [],
          "passes": [
            "986c1bab-bbe6-4b88-9f21-1aa6bb65e2e7"
          ],
          "failures": [],
          "pending": [],
          "skipped": [],
          "duration": 190,
          "root": false,
          "rootEmpty": false,
          "_timeout": 2000
        },
        {
          "uuid": "97b4412d-6d37-4cfa-8761-7ca7f7113c35",
          "title": "Update Post",
          "fullFile": "C:\\Users\\andre\\Documents\\test\\app\\unitTests\\API\\postsTest.js",
          "file": "\\postsTest.js",
          "beforeHooks": [
            {
              "title": "\"before each\" hook in \"Update Post\"",
              "fullTitle": "Update Post \"before each\" hook in \"Update Post\"",
              "timedOut": false,
              "duration": 0,
              "state": null,
              "speed": null,
              "pass": false,
              "fail": false,
              "pending": false,
              "context": null,
              "code": "server = require('../../server.js');",
              "err": {},
              "uuid": "161c72a6-4e0a-41e6-98f7-deebda52c331",
              "parentUUID": "97b4412d-6d37-4cfa-8761-7ca7f7113c35",
              "isHook": true,
              "skipped": false
            }
          ],
          "afterHooks": [
            {
              "title": "\"after each\" hook in \"Update Post\"",
              "fullTitle": "Update Post \"after each\" hook in \"Update Post\"",
              "timedOut": false,
              "duration": 0,
              "state": null,
              "speed": null,
              "pass": false,
              "fail": false,
              "pending": false,
              "context": null,
              "code": "server.close();",
              "err": {},
              "uuid": "f56bd0dd-baa3-42ec-859f-c4f5e3843271",
              "parentUUID": "97b4412d-6d37-4cfa-8761-7ca7f7113c35",
              "isHook": true,
              "skipped": false
            }
          ],
          "tests": [
            {
              "title": "responds to /api/post",
              "fullTitle": "Update Post responds to /api/post",
              "timedOut": false,
              "duration": 292,
              "state": "passed",
              "speed": "slow",
              "pass": true,
              "fail": false,
              "pending": false,
              "context": null,
              "code": "this.timeout(3000)\n  request(server)\n    .put('/api/post/'+postId)\n    .expect(200)\n    .set({'Authorization': `Bearer ${token}`})\n    .send({'title': 'Testing test v2', 'text': 'This is an updated text'})\n    .expect('Content-Type', /json/)\n    .end(function(err, res) {\n    \n      if (err) {\n        console.log(err)\n        return done(err);\n      }\n      console.log(res.body)\n      return done();\n    });",
              "err": {},
              "uuid": "9c6a4e6f-e310-4c65-a93b-5849f6d207d3",
              "parentUUID": "97b4412d-6d37-4cfa-8761-7ca7f7113c35",
              "isHook": false,
              "skipped": false
            }
          ],
          "suites": [],
          "passes": [
            "9c6a4e6f-e310-4c65-a93b-5849f6d207d3"
          ],
          "failures": [],
          "pending": [],
          "skipped": [],
          "duration": 292,
          "root": false,
          "rootEmpty": false,
          "_timeout": 2000
        },
        {
          "uuid": "af14ed41-3e0c-4d89-a9d2-222eb3fcd7d4",
          "title": "Delete Post",
          "fullFile": "C:\\Users\\andre\\Documents\\test\\app\\unitTests\\API\\postsTest.js",
          "file": "\\postsTest.js",
          "beforeHooks": [
            {
              "title": "\"before each\" hook in \"Delete Post\"",
              "fullTitle": "Delete Post \"before each\" hook in \"Delete Post\"",
              "timedOut": false,
              "duration": 0,
              "state": null,
              "speed": null,
              "pass": false,
              "fail": false,
              "pending": false,
              "context": null,
              "code": "server = require('../../server.js');",
              "err": {},
              "uuid": "f54ce1e0-8328-430e-9a81-b6babb889083",
              "parentUUID": "af14ed41-3e0c-4d89-a9d2-222eb3fcd7d4",
              "isHook": true,
              "skipped": false
            }
          ],
          "afterHooks": [
            {
              "title": "\"after each\" hook in \"Delete Post\"",
              "fullTitle": "Delete Post \"after each\" hook in \"Delete Post\"",
              "timedOut": false,
              "duration": 0,
              "state": null,
              "speed": null,
              "pass": false,
              "fail": false,
              "pending": false,
              "context": null,
              "code": "server.close();",
              "err": {},
              "uuid": "79f64f08-5afb-409b-8037-4067d584984e",
              "parentUUID": "af14ed41-3e0c-4d89-a9d2-222eb3fcd7d4",
              "isHook": true,
              "skipped": false
            }
          ],
          "tests": [
            {
              "title": "responds to /api/post",
              "fullTitle": "Delete Post responds to /api/post",
              "timedOut": false,
              "duration": 320,
              "state": "passed",
              "speed": "slow",
              "pass": true,
              "fail": false,
              "pending": false,
              "context": null,
              "code": "this.timeout(3000)\n  request(server)\n    .delete('/api/post/'+postId)\n    .expect(200)\n    .set({'Authorization': `Bearer ${token}`})\n    .expect('Content-Type', /json/)\n    .end(function(err, res) {\n    \n      if (err) {\n        console.log(err)\n        return done(err);\n      }\n      console.log(res.body)\n      return done();\n    });",
              "err": {},
              "uuid": "b5d7cea8-96e3-40cf-9a98-3b5a3d6b3e54",
              "parentUUID": "af14ed41-3e0c-4d89-a9d2-222eb3fcd7d4",
              "isHook": false,
              "skipped": false
            }
          ],
          "suites": [],
          "passes": [
            "b5d7cea8-96e3-40cf-9a98-3b5a3d6b3e54"
          ],
          "failures": [],
          "pending": [],
          "skipped": [],
          "duration": 320,
          "root": false,
          "rootEmpty": false,
          "_timeout": 2000
        }
      ],
      "passes": [],
      "failures": [],
      "pending": [],
      "skipped": [],
      "duration": 0,
      "root": true,
      "rootEmpty": true,
      "_timeout": 2000
    }
  ],
  "meta": {
    "mocha": {
      "version": "9.0.2"
    },
    "mochawesome": {
      "options": {
        "quiet": false,
        "reportFilename": "mochawesome",
        "saveHtml": true,
        "saveJson": true,
        "consoleReporter": "spec",
        "useInlineDiffs": false,
        "code": true
      },
      "version": "6.2.2"
    },
    "marge": {
      "options": null,
      "version": "5.2.0"
    }
  }
}