{
  "stats": {
    "suites": 16,
    "tests": 16,
    "passes": 16,
    "pending": 0,
    "failures": 0,
    "start": "2021-07-25T19:11:15.046Z",
    "end": "2021-07-25T19:11:20.032Z",
    "duration": 4986,
    "testsRegistered": 16,
    "passPercent": 100,
    "pendingPercent": 0,
    "other": 0,
    "hasOther": false,
    "skipped": 0,
    "hasSkipped": false
  },
  "results": [
    {
      "uuid": "d7824ee0-fc8d-4995-9049-f2252af052b0",
      "title": "",
      "fullFile": "",
      "file": "",
      "beforeHooks": [],
      "afterHooks": [],
      "tests": [],
      "suites": [
        {
          "uuid": "fbdc7315-f304-4f17-b91a-169160f994bd",
          "title": "Post User",
          "fullFile": "C:\\Users\\andre\\Documents\\test\\app\\unitTests\\API\\accountTest.js",
          "file": "\\accountTest.js",
          "beforeHooks": [
            {
              "title": "\"before each\" hook in \"Post User\"",
              "fullTitle": "Post User \"before each\" hook in \"Post User\"",
              "timedOut": false,
              "duration": 560,
              "state": null,
              "speed": null,
              "pass": false,
              "fail": false,
              "pending": false,
              "context": null,
              "code": "server = require('../../server.js');",
              "err": {},
              "uuid": "03ce3792-e55a-4152-be1b-5e9ec74d0b19",
              "parentUUID": "fbdc7315-f304-4f17-b91a-169160f994bd",
              "isHook": true,
              "skipped": false
            }
          ],
          "afterHooks": [
            {
              "title": "\"after each\" hook in \"Post User\"",
              "fullTitle": "Post User \"after each\" hook in \"Post User\"",
              "timedOut": false,
              "duration": 0,
              "state": null,
              "speed": null,
              "pass": false,
              "fail": false,
              "pending": false,
              "context": null,
              "code": "server.close();",
              "err": {},
              "uuid": "481af4cf-5362-4b80-ba87-518084e20231",
              "parentUUID": "fbdc7315-f304-4f17-b91a-169160f994bd",
              "isHook": true,
              "skipped": false
            }
          ],
          "tests": [
            {
              "title": "responds to /api/account",
              "fullTitle": "Post User responds to /api/account",
              "timedOut": false,
              "duration": 1624,
              "state": "passed",
              "speed": "slow",
              "pass": true,
              "fail": false,
              "pending": false,
              "context": null,
              "code": "this.timeout(3000)\n    request(server)\n      .post('/api/account')\n      .send({ 'name': 'Test User', 'password': 'qwerty' })\n      .expect(200)\n      .end(function (err, res) {\n        if (err) return done(err);\n        return done();\n      });",
              "err": {},
              "uuid": "6e1ff333-c4b3-487e-8848-dd6967595b0d",
              "parentUUID": "fbdc7315-f304-4f17-b91a-169160f994bd",
              "isHook": false,
              "skipped": false
            }
          ],
          "suites": [],
          "passes": [
            "6e1ff333-c4b3-487e-8848-dd6967595b0d"
          ],
          "failures": [],
          "pending": [],
          "skipped": [],
          "duration": 1624,
          "root": false,
          "rootEmpty": false,
          "_timeout": 2000
        },
        {
          "uuid": "f768399a-1142-4232-9cd4-2be0f0cbd335",
          "title": "Authenticate user",
          "fullFile": "C:\\Users\\andre\\Documents\\test\\app\\unitTests\\API\\accountTest.js",
          "file": "\\accountTest.js",
          "beforeHooks": [
            {
              "title": "\"before each\" hook in \"Authenticate user\"",
              "fullTitle": "Authenticate user \"before each\" hook in \"Authenticate user\"",
              "timedOut": false,
              "duration": 0,
              "state": null,
              "speed": null,
              "pass": false,
              "fail": false,
              "pending": false,
              "context": null,
              "code": "server = require('../../server.js');",
              "err": {},
              "uuid": "0e646b3b-82e0-4127-a3e1-e979683ed46e",
              "parentUUID": "f768399a-1142-4232-9cd4-2be0f0cbd335",
              "isHook": true,
              "skipped": false
            }
          ],
          "afterHooks": [
            {
              "title": "\"after each\" hook in \"Authenticate user\"",
              "fullTitle": "Authenticate user \"after each\" hook in \"Authenticate user\"",
              "timedOut": false,
              "duration": 0,
              "state": null,
              "speed": null,
              "pass": false,
              "fail": false,
              "pending": false,
              "context": null,
              "code": "server.close();",
              "err": {},
              "uuid": "24ba2695-1f4a-428f-8f33-7dbd47ef194b",
              "parentUUID": "f768399a-1142-4232-9cd4-2be0f0cbd335",
              "isHook": true,
              "skipped": false
            }
          ],
          "tests": [
            {
              "title": "responds to /api/auth",
              "fullTitle": "Authenticate user responds to /api/auth",
              "timedOut": false,
              "duration": 101,
              "state": "passed",
              "speed": "slow",
              "pass": true,
              "fail": false,
              "pending": false,
              "context": null,
              "code": "this.timeout(3000)\n    request(server)\n      .post('/api/auth')\n      .auth('Test User', 'qwerty')\n      .expect(200)\n      .expect('Content-Type', /json/)\n      .end(function (err, res) {\n        if (err) return done(err);\n        return done();\n      });",
              "err": {},
              "uuid": "68c72849-a005-4c6a-b332-002f05e6495c",
              "parentUUID": "f768399a-1142-4232-9cd4-2be0f0cbd335",
              "isHook": false,
              "skipped": false
            }
          ],
          "suites": [],
          "passes": [
            "68c72849-a005-4c6a-b332-002f05e6495c"
          ],
          "failures": [],
          "pending": [],
          "skipped": [],
          "duration": 101,
          "root": false,
          "rootEmpty": false,
          "_timeout": 2000
        },
        {
          "uuid": "0f459c78-c762-494b-bfd7-f35d8a35a797",
          "title": "Post User",
          "fullFile": "C:\\Users\\andre\\Documents\\test\\app\\unitTests\\API\\accountTest.spec.js",
          "file": "\\accountTest.spec.js",
          "beforeHooks": [
            {
              "title": "\"before each\" hook in \"Post User\"",
              "fullTitle": "Post User \"before each\" hook in \"Post User\"",
              "timedOut": false,
              "duration": 0,
              "state": null,
              "speed": null,
              "pass": false,
              "fail": false,
              "pending": false,
              "context": null,
              "code": "server = require('../../server.js');",
              "err": {},
              "uuid": "1dbdf6fc-44a8-4465-b74f-8d56fd90afad",
              "parentUUID": "0f459c78-c762-494b-bfd7-f35d8a35a797",
              "isHook": true,
              "skipped": false
            }
          ],
          "afterHooks": [
            {
              "title": "\"after each\" hook in \"Post User\"",
              "fullTitle": "Post User \"after each\" hook in \"Post User\"",
              "timedOut": false,
              "duration": 0,
              "state": null,
              "speed": null,
              "pass": false,
              "fail": false,
              "pending": false,
              "context": null,
              "code": "server.close();",
              "err": {},
              "uuid": "8b4e2d96-b874-421b-998b-1f55db0ada62",
              "parentUUID": "0f459c78-c762-494b-bfd7-f35d8a35a797",
              "isHook": true,
              "skipped": false
            }
          ],
          "tests": [
            {
              "title": "responds to /api/account",
              "fullTitle": "Post User responds to /api/account",
              "timedOut": false,
              "duration": 93,
              "state": "passed",
              "speed": "slow",
              "pass": true,
              "fail": false,
              "pending": false,
              "context": null,
              "code": "this.timeout(3000)\n    request(server)\n      .post('/api/account')\n      .send({ 'name': 'Test User', 'password': 'qwerty' })\n      .expect(200)\n      .end(function (err, res) {\n        if (err) return done(err);\n        return done();\n      });",
              "err": {},
              "uuid": "603eec1a-1bdc-4b30-b70a-de7450074bc3",
              "parentUUID": "0f459c78-c762-494b-bfd7-f35d8a35a797",
              "isHook": false,
              "skipped": false
            }
          ],
          "suites": [],
          "passes": [
            "603eec1a-1bdc-4b30-b70a-de7450074bc3"
          ],
          "failures": [],
          "pending": [],
          "skipped": [],
          "duration": 93,
          "root": false,
          "rootEmpty": false,
          "_timeout": 2000
        },
        {
          "uuid": "59e6c428-cd13-46e7-aa72-5ea66a09889f",
          "title": "Authenticate user",
          "fullFile": "C:\\Users\\andre\\Documents\\test\\app\\unitTests\\API\\accountTest.spec.js",
          "file": "\\accountTest.spec.js",
          "beforeHooks": [
            {
              "title": "\"before each\" hook in \"Authenticate user\"",
              "fullTitle": "Authenticate user \"before each\" hook in \"Authenticate user\"",
              "timedOut": false,
              "duration": 0,
              "state": null,
              "speed": null,
              "pass": false,
              "fail": false,
              "pending": false,
              "context": null,
              "code": "server = require('../../server.js');",
              "err": {},
              "uuid": "23223e7e-2ea0-44fc-8c10-16fa455790da",
              "parentUUID": "59e6c428-cd13-46e7-aa72-5ea66a09889f",
              "isHook": true,
              "skipped": false
            }
          ],
          "afterHooks": [
            {
              "title": "\"after each\" hook in \"Authenticate user\"",
              "fullTitle": "Authenticate user \"after each\" hook in \"Authenticate user\"",
              "timedOut": false,
              "duration": 0,
              "state": null,
              "speed": null,
              "pass": false,
              "fail": false,
              "pending": false,
              "context": null,
              "code": "server.close();",
              "err": {},
              "uuid": "852a9964-a341-4c45-939c-751f7510ecc0",
              "parentUUID": "59e6c428-cd13-46e7-aa72-5ea66a09889f",
              "isHook": true,
              "skipped": false
            }
          ],
          "tests": [
            {
              "title": "responds to /api/auth",
              "fullTitle": "Authenticate user responds to /api/auth",
              "timedOut": false,
              "duration": 92,
              "state": "passed",
              "speed": "slow",
              "pass": true,
              "fail": false,
              "pending": false,
              "context": null,
              "code": "this.timeout(3000)\n    request(server)\n      .post('/api/auth')\n      .auth('Test User', 'qwerty')\n      .expect(200)\n      .expect('Content-Type', /json/)\n      .end(function (err, res) {\n        if (err) return done(err);\n        return done();\n      });",
              "err": {},
              "uuid": "902c9d5b-ceea-4985-bc9c-2b72050025d2",
              "parentUUID": "59e6c428-cd13-46e7-aa72-5ea66a09889f",
              "isHook": false,
              "skipped": false
            }
          ],
          "suites": [],
          "passes": [
            "902c9d5b-ceea-4985-bc9c-2b72050025d2"
          ],
          "failures": [],
          "pending": [],
          "skipped": [],
          "duration": 92,
          "root": false,
          "rootEmpty": false,
          "_timeout": 2000
        },
        {
          "uuid": "ede02330-e5f8-48b2-8e02-2d2a0bfd2579",
          "title": "Get Posts",
          "fullFile": "C:\\Users\\andre\\Documents\\test\\app\\unitTests\\API\\postsTest.js",
          "file": "\\postsTest.js",
          "beforeHooks": [
            {
              "title": "\"before each\" hook in \"Get Posts\"",
              "fullTitle": "Get Posts \"before each\" hook in \"Get Posts\"",
              "timedOut": false,
              "duration": 0,
              "state": null,
              "speed": null,
              "pass": false,
              "fail": false,
              "pending": false,
              "context": null,
              "code": "server = require('../../server.js');",
              "err": {},
              "uuid": "1515f5fd-9518-45a4-8433-3f310752b092",
              "parentUUID": "ede02330-e5f8-48b2-8e02-2d2a0bfd2579",
              "isHook": true,
              "skipped": false
            }
          ],
          "afterHooks": [
            {
              "title": "\"after each\" hook in \"Get Posts\"",
              "fullTitle": "Get Posts \"after each\" hook in \"Get Posts\"",
              "timedOut": false,
              "duration": 0,
              "state": null,
              "speed": null,
              "pass": false,
              "fail": false,
              "pending": false,
              "context": null,
              "code": "server.close();",
              "err": {},
              "uuid": "9b14d486-5738-48d4-bcc5-16e87246485e",
              "parentUUID": "ede02330-e5f8-48b2-8e02-2d2a0bfd2579",
              "isHook": true,
              "skipped": false
            }
          ],
          "tests": [
            {
              "title": "responds to /api/post",
              "fullTitle": "Get Posts responds to /api/post",
              "timedOut": false,
              "duration": 206,
              "state": "passed",
              "speed": "slow",
              "pass": true,
              "fail": false,
              "pending": false,
              "context": null,
              "code": "request(server)\n  .get('/api/post')\n  .expect(200)\n  .expect('Content-Type', /json/)\n  .end(function(err, res) {\n    \n    if (err) {\n      console.log(err)\n      return done(err);\n    }\n    return done();\n  });",
              "err": {},
              "uuid": "71ede71a-5d34-45bf-b2e4-16d403f77f88",
              "parentUUID": "ede02330-e5f8-48b2-8e02-2d2a0bfd2579",
              "isHook": false,
              "skipped": false
            }
          ],
          "suites": [],
          "passes": [
            "71ede71a-5d34-45bf-b2e4-16d403f77f88"
          ],
          "failures": [],
          "pending": [],
          "skipped": [],
          "duration": 206,
          "root": false,
          "rootEmpty": false,
          "_timeout": 2000
        },
        {
          "uuid": "fd738e46-8c63-4516-8b92-3e626b2300ae",
          "title": "Authenticate user",
          "fullFile": "C:\\Users\\andre\\Documents\\test\\app\\unitTests\\API\\postsTest.js",
          "file": "\\postsTest.js",
          "beforeHooks": [
            {
              "title": "\"before each\" hook in \"Authenticate user\"",
              "fullTitle": "Authenticate user \"before each\" hook in \"Authenticate user\"",
              "timedOut": false,
              "duration": 1,
              "state": null,
              "speed": null,
              "pass": false,
              "fail": false,
              "pending": false,
              "context": null,
              "code": "server = require('../../server.js');",
              "err": {},
              "uuid": "77ca0743-5ca5-413f-b6f5-23721d6ab71b",
              "parentUUID": "fd738e46-8c63-4516-8b92-3e626b2300ae",
              "isHook": true,
              "skipped": false
            }
          ],
          "afterHooks": [
            {
              "title": "\"after each\" hook in \"Authenticate user\"",
              "fullTitle": "Authenticate user \"after each\" hook in \"Authenticate user\"",
              "timedOut": false,
              "duration": 1,
              "state": null,
              "speed": null,
              "pass": false,
              "fail": false,
              "pending": false,
              "context": null,
              "code": "server.close();",
              "err": {},
              "uuid": "ff4c4425-af96-4c09-bc04-075c646ad331",
              "parentUUID": "fd738e46-8c63-4516-8b92-3e626b2300ae",
              "isHook": true,
              "skipped": false
            }
          ],
          "tests": [
            {
              "title": "responds to /api/auth",
              "fullTitle": "Authenticate user responds to /api/auth",
              "timedOut": false,
              "duration": 93,
              "state": "passed",
              "speed": "slow",
              "pass": true,
              "fail": false,
              "pending": false,
              "context": null,
              "code": "this.timeout(3000)\n    request(server)\n      .post('/api/auth')\n      .auth('Test User', 'qwerty')\n      .expect(200)\n      .expect('Content-Type', /json/)\n      .end(function (err, res) {\n        \n        if (err) {\n          console.log(err)\n          return done(err);\n        }\n        console.log(res.body)\n        token = res.body.token;\n        return done();\n      });",
              "err": {},
              "uuid": "d2529867-8bf6-4910-919d-8d0562057a4c",
              "parentUUID": "fd738e46-8c63-4516-8b92-3e626b2300ae",
              "isHook": false,
              "skipped": false
            }
          ],
          "suites": [],
          "passes": [
            "d2529867-8bf6-4910-919d-8d0562057a4c"
          ],
          "failures": [],
          "pending": [],
          "skipped": [],
          "duration": 93,
          "root": false,
          "rootEmpty": false,
          "_timeout": 2000
        },
        {
          "uuid": "ccdabfc7-603a-4baa-a075-7a1a1a7c1076",
          "title": "Make a Post",
          "fullFile": "C:\\Users\\andre\\Documents\\test\\app\\unitTests\\API\\postsTest.js",
          "file": "\\postsTest.js",
          "beforeHooks": [
            {
              "title": "\"before each\" hook in \"Make a Post\"",
              "fullTitle": "Make a Post \"before each\" hook in \"Make a Post\"",
              "timedOut": false,
              "duration": 0,
              "state": null,
              "speed": null,
              "pass": false,
              "fail": false,
              "pending": false,
              "context": null,
              "code": "server = require('../../server.js');",
              "err": {},
              "uuid": "a12ebcad-e79c-4f0b-8ab1-d5031e86ff13",
              "parentUUID": "ccdabfc7-603a-4baa-a075-7a1a1a7c1076",
              "isHook": true,
              "skipped": false
            }
          ],
          "afterHooks": [
            {
              "title": "\"after each\" hook in \"Make a Post\"",
              "fullTitle": "Make a Post \"after each\" hook in \"Make a Post\"",
              "timedOut": false,
              "duration": 0,
              "state": null,
              "speed": null,
              "pass": false,
              "fail": false,
              "pending": false,
              "context": null,
              "code": "server.close();",
              "err": {},
              "uuid": "cb6c6d15-033e-4606-9e84-4647fd4ce29f",
              "parentUUID": "ccdabfc7-603a-4baa-a075-7a1a1a7c1076",
              "isHook": true,
              "skipped": false
            }
          ],
          "tests": [
            {
              "title": "responds to /api/post",
              "fullTitle": "Make a Post responds to /api/post",
              "timedOut": false,
              "duration": 202,
              "state": "passed",
              "speed": "slow",
              "pass": true,
              "fail": false,
              "pending": false,
              "context": null,
              "code": "this.timeout(3000)\n  request(server)\n    .post('/api/post')\n    .set({'Authorization': `Bearer ${token}`})\n    .send({'title': 'Testing test', 'text': 'This is a text'})\n    .expect(200)\n    .expect('Content-Type', /json/)\n    .end(function(err, res) {\n      \n      if (err) {\n        console.log(err)\n        return done(err);\n      }\n      console.log(res.body)\n      postId = res.body.message._id\n      return done();\n    });",
              "err": {},
              "uuid": "e7fb32c1-bc27-4810-b05e-536d80e5ffbf",
              "parentUUID": "ccdabfc7-603a-4baa-a075-7a1a1a7c1076",
              "isHook": false,
              "skipped": false
            }
          ],
          "suites": [],
          "passes": [
            "e7fb32c1-bc27-4810-b05e-536d80e5ffbf"
          ],
          "failures": [],
          "pending": [],
          "skipped": [],
          "duration": 202,
          "root": false,
          "rootEmpty": false,
          "_timeout": 2000
        },
        {
          "uuid": "8e03cef7-d5a7-4ca7-8685-62b0d4b68bbf",
          "title": "Get single Post",
          "fullFile": "C:\\Users\\andre\\Documents\\test\\app\\unitTests\\API\\postsTest.js",
          "file": "\\postsTest.js",
          "beforeHooks": [
            {
              "title": "\"before each\" hook in \"Get single Post\"",
              "fullTitle": "Get single Post \"before each\" hook in \"Get single Post\"",
              "timedOut": false,
              "duration": 0,
              "state": null,
              "speed": null,
              "pass": false,
              "fail": false,
              "pending": false,
              "context": null,
              "code": "server = require('../../server.js');",
              "err": {},
              "uuid": "55e1838f-a9fa-4bf4-8006-dc01b3fa3685",
              "parentUUID": "8e03cef7-d5a7-4ca7-8685-62b0d4b68bbf",
              "isHook": true,
              "skipped": false
            }
          ],
          "afterHooks": [
            {
              "title": "\"after each\" hook in \"Get single Post\"",
              "fullTitle": "Get single Post \"after each\" hook in \"Get single Post\"",
              "timedOut": false,
              "duration": 0,
              "state": null,
              "speed": null,
              "pass": false,
              "fail": false,
              "pending": false,
              "context": null,
              "code": "server.close();",
              "err": {},
              "uuid": "64a0b09a-0b02-41ba-8aec-ad0ebda52108",
              "parentUUID": "8e03cef7-d5a7-4ca7-8685-62b0d4b68bbf",
              "isHook": true,
              "skipped": false
            }
          ],
          "tests": [
            {
              "title": "responds to /api/post",
              "fullTitle": "Get single Post responds to /api/post",
              "timedOut": false,
              "duration": 181,
              "state": "passed",
              "speed": "slow",
              "pass": true,
              "fail": false,
              "pending": false,
              "context": null,
              "code": "this.timeout(3000)\n  request(server)\n    .get('/api/post/'+postId)\n    .expect(200)\n    .expect('Content-Type', /json/)\n    .end(function(err, res) {\n    \n      if (err) {\n        console.log(err)\n        return done(err);\n      }\n      console.log(res.body)\n      return done();\n    });",
              "err": {},
              "uuid": "533a7093-7e75-4fd9-806e-48bad5ba6c30",
              "parentUUID": "8e03cef7-d5a7-4ca7-8685-62b0d4b68bbf",
              "isHook": false,
              "skipped": false
            }
          ],
          "suites": [],
          "passes": [
            "533a7093-7e75-4fd9-806e-48bad5ba6c30"
          ],
          "failures": [],
          "pending": [],
          "skipped": [],
          "duration": 181,
          "root": false,
          "rootEmpty": false,
          "_timeout": 2000
        },
        {
          "uuid": "71a8fa3a-9e09-44fa-b439-bd0b0b973015",
          "title": "Update Post",
          "fullFile": "C:\\Users\\andre\\Documents\\test\\app\\unitTests\\API\\postsTest.js",
          "file": "\\postsTest.js",
          "beforeHooks": [
            {
              "title": "\"before each\" hook in \"Update Post\"",
              "fullTitle": "Update Post \"before each\" hook in \"Update Post\"",
              "timedOut": false,
              "duration": 1,
              "state": null,
              "speed": null,
              "pass": false,
              "fail": false,
              "pending": false,
              "context": null,
              "code": "server = require('../../server.js');",
              "err": {},
              "uuid": "5692620d-489e-4329-ad86-eabb9b3786ee",
              "parentUUID": "71a8fa3a-9e09-44fa-b439-bd0b0b973015",
              "isHook": true,
              "skipped": false
            }
          ],
          "afterHooks": [
            {
              "title": "\"after each\" hook in \"Update Post\"",
              "fullTitle": "Update Post \"after each\" hook in \"Update Post\"",
              "timedOut": false,
              "duration": 0,
              "state": null,
              "speed": null,
              "pass": false,
              "fail": false,
              "pending": false,
              "context": null,
              "code": "server.close();",
              "err": {},
              "uuid": "f0faf7a1-9a29-47e6-a165-412e25fba189",
              "parentUUID": "71a8fa3a-9e09-44fa-b439-bd0b0b973015",
              "isHook": true,
              "skipped": false
            }
          ],
          "tests": [
            {
              "title": "responds to /api/post",
              "fullTitle": "Update Post responds to /api/post",
              "timedOut": false,
              "duration": 276,
              "state": "passed",
              "speed": "slow",
              "pass": true,
              "fail": false,
              "pending": false,
              "context": null,
              "code": "this.timeout(3000)\n  request(server)\n    .put('/api/post/'+postId)\n    .expect(200)\n    .set({'Authorization': `Bearer ${token}`})\n    .send({'title': 'Testing test v2', 'text': 'This is an updated text'})\n    .expect('Content-Type', /json/)\n    .end(function(err, res) {\n    \n      if (err) {\n        console.log(err)\n        return done(err);\n      }\n      console.log(res.body)\n      return done();\n    });",
              "err": {},
              "uuid": "8670aa23-bd02-4bb2-a1e5-dc39b3c50713",
              "parentUUID": "71a8fa3a-9e09-44fa-b439-bd0b0b973015",
              "isHook": false,
              "skipped": false
            }
          ],
          "suites": [],
          "passes": [
            "8670aa23-bd02-4bb2-a1e5-dc39b3c50713"
          ],
          "failures": [],
          "pending": [],
          "skipped": [],
          "duration": 276,
          "root": false,
          "rootEmpty": false,
          "_timeout": 2000
        },
        {
          "uuid": "3a9f945c-ca90-4477-8353-e5d79773ebd9",
          "title": "Delete Post",
          "fullFile": "C:\\Users\\andre\\Documents\\test\\app\\unitTests\\API\\postsTest.js",
          "file": "\\postsTest.js",
          "beforeHooks": [
            {
              "title": "\"before each\" hook in \"Delete Post\"",
              "fullTitle": "Delete Post \"before each\" hook in \"Delete Post\"",
              "timedOut": false,
              "duration": 0,
              "state": null,
              "speed": null,
              "pass": false,
              "fail": false,
              "pending": false,
              "context": null,
              "code": "server = require('../../server.js');",
              "err": {},
              "uuid": "1540f151-13cf-4fe8-97de-31ac3d698bd2",
              "parentUUID": "3a9f945c-ca90-4477-8353-e5d79773ebd9",
              "isHook": true,
              "skipped": false
            }
          ],
          "afterHooks": [
            {
              "title": "\"after each\" hook in \"Delete Post\"",
              "fullTitle": "Delete Post \"after each\" hook in \"Delete Post\"",
              "timedOut": false,
              "duration": 0,
              "state": null,
              "speed": null,
              "pass": false,
              "fail": false,
              "pending": false,
              "context": null,
              "code": "server.close();",
              "err": {},
              "uuid": "0b1907da-19fa-4c84-a7c3-9845e93338cd",
              "parentUUID": "3a9f945c-ca90-4477-8353-e5d79773ebd9",
              "isHook": true,
              "skipped": false
            }
          ],
          "tests": [
            {
              "title": "responds to /api/post",
              "fullTitle": "Delete Post responds to /api/post",
              "timedOut": false,
              "duration": 278,
              "state": "passed",
              "speed": "slow",
              "pass": true,
              "fail": false,
              "pending": false,
              "context": null,
              "code": "this.timeout(3000)\n  request(server)\n    .delete('/api/post/'+postId)\n    .expect(200)\n    .set({'Authorization': `Bearer ${token}`})\n    .expect('Content-Type', /json/)\n    .end(function(err, res) {\n    \n      if (err) {\n        console.log(err)\n        return done(err);\n      }\n      console.log(res.body)\n      return done();\n    });",
              "err": {},
              "uuid": "bf8e2ec4-e790-4958-89df-97863128c6d4",
              "parentUUID": "3a9f945c-ca90-4477-8353-e5d79773ebd9",
              "isHook": false,
              "skipped": false
            }
          ],
          "suites": [],
          "passes": [
            "bf8e2ec4-e790-4958-89df-97863128c6d4"
          ],
          "failures": [],
          "pending": [],
          "skipped": [],
          "duration": 278,
          "root": false,
          "rootEmpty": false,
          "_timeout": 2000
        },
        {
          "uuid": "e831c5cf-b97d-4ffc-9da5-189d6d477fac",
          "title": "Get Posts",
          "fullFile": "C:\\Users\\andre\\Documents\\test\\app\\unitTests\\API\\postsTest.spec.js",
          "file": "\\postsTest.spec.js",
          "beforeHooks": [
            {
              "title": "\"before each\" hook in \"Get Posts\"",
              "fullTitle": "Get Posts \"before each\" hook in \"Get Posts\"",
              "timedOut": false,
              "duration": 1,
              "state": null,
              "speed": null,
              "pass": false,
              "fail": false,
              "pending": false,
              "context": null,
              "code": "server = require('../../server.js');",
              "err": {},
              "uuid": "d8351f67-2d79-4833-9419-2aba3985b938",
              "parentUUID": "e831c5cf-b97d-4ffc-9da5-189d6d477fac",
              "isHook": true,
              "skipped": false
            }
          ],
          "afterHooks": [
            {
              "title": "\"after each\" hook in \"Get Posts\"",
              "fullTitle": "Get Posts \"after each\" hook in \"Get Posts\"",
              "timedOut": false,
              "duration": 0,
              "state": null,
              "speed": null,
              "pass": false,
              "fail": false,
              "pending": false,
              "context": null,
              "code": "server.close();",
              "err": {},
              "uuid": "3d331c0b-b349-45c9-b8de-e6d0539d6b46",
              "parentUUID": "e831c5cf-b97d-4ffc-9da5-189d6d477fac",
              "isHook": true,
              "skipped": false
            }
          ],
          "tests": [
            {
              "title": "responds to /api/post",
              "fullTitle": "Get Posts responds to /api/post",
              "timedOut": false,
              "duration": 181,
              "state": "passed",
              "speed": "slow",
              "pass": true,
              "fail": false,
              "pending": false,
              "context": null,
              "code": "request(server)\n  .get('/api/post')\n  .expect(200)\n  .expect('Content-Type', /json/)\n  .end(function(err, res) {\n    \n    if (err) {\n      console.log(err)\n      return done(err);\n    }\n    return done();\n  });",
              "err": {},
              "uuid": "647bf4c0-ab82-47ad-a74e-530456838117",
              "parentUUID": "e831c5cf-b97d-4ffc-9da5-189d6d477fac",
              "isHook": false,
              "skipped": false
            }
          ],
          "suites": [],
          "passes": [
            "647bf4c0-ab82-47ad-a74e-530456838117"
          ],
          "failures": [],
          "pending": [],
          "skipped": [],
          "duration": 181,
          "root": false,
          "rootEmpty": false,
          "_timeout": 2000
        },
        {
          "uuid": "05c64776-dbfb-4195-8185-0fcfe59891fa",
          "title": "Authenticate user",
          "fullFile": "C:\\Users\\andre\\Documents\\test\\app\\unitTests\\API\\postsTest.spec.js",
          "file": "\\postsTest.spec.js",
          "beforeHooks": [
            {
              "title": "\"before each\" hook in \"Authenticate user\"",
              "fullTitle": "Authenticate user \"before each\" hook in \"Authenticate user\"",
              "timedOut": false,
              "duration": 0,
              "state": null,
              "speed": null,
              "pass": false,
              "fail": false,
              "pending": false,
              "context": null,
              "code": "server = require('../../server.js');",
              "err": {},
              "uuid": "f7edca96-dc28-4346-9cad-4e654380de6a",
              "parentUUID": "05c64776-dbfb-4195-8185-0fcfe59891fa",
              "isHook": true,
              "skipped": false
            }
          ],
          "afterHooks": [
            {
              "title": "\"after each\" hook in \"Authenticate user\"",
              "fullTitle": "Authenticate user \"after each\" hook in \"Authenticate user\"",
              "timedOut": false,
              "duration": 0,
              "state": null,
              "speed": null,
              "pass": false,
              "fail": false,
              "pending": false,
              "context": null,
              "code": "server.close();",
              "err": {},
              "uuid": "09e2e5c7-270d-4b9c-b76e-fb4854593834",
              "parentUUID": "05c64776-dbfb-4195-8185-0fcfe59891fa",
              "isHook": true,
              "skipped": false
            }
          ],
          "tests": [
            {
              "title": "responds to /api/auth",
              "fullTitle": "Authenticate user responds to /api/auth",
              "timedOut": false,
              "duration": 91,
              "state": "passed",
              "speed": "slow",
              "pass": true,
              "fail": false,
              "pending": false,
              "context": null,
              "code": "this.timeout(3000)\n    request(server)\n      .post('/api/auth')\n      .auth('Test User', 'qwerty')\n      .expect(200)\n      .expect('Content-Type', /json/)\n      .end(function (err, res) {\n        \n        if (err) {\n          console.log(err)\n          return done(err);\n        }\n        console.log(res.body)\n        token = res.body.token;\n        return done();\n      });",
              "err": {},
              "uuid": "39963ec0-cf4f-4dda-867f-ab805250d5e5",
              "parentUUID": "05c64776-dbfb-4195-8185-0fcfe59891fa",
              "isHook": false,
              "skipped": false
            }
          ],
          "suites": [],
          "passes": [
            "39963ec0-cf4f-4dda-867f-ab805250d5e5"
          ],
          "failures": [],
          "pending": [],
          "skipped": [],
          "duration": 91,
          "root": false,
          "rootEmpty": false,
          "_timeout": 2000
        },
        {
          "uuid": "8a44a5c0-8dc4-47f9-9340-0178f2e6197d",
          "title": "Make a Post",
          "fullFile": "C:\\Users\\andre\\Documents\\test\\app\\unitTests\\API\\postsTest.spec.js",
          "file": "\\postsTest.spec.js",
          "beforeHooks": [
            {
              "title": "\"before each\" hook in \"Make a Post\"",
              "fullTitle": "Make a Post \"before each\" hook in \"Make a Post\"",
              "timedOut": false,
              "duration": 0,
              "state": null,
              "speed": null,
              "pass": false,
              "fail": false,
              "pending": false,
              "context": null,
              "code": "server = require('../../server.js');",
              "err": {},
              "uuid": "34bf3f2b-a616-4aff-a4b1-ebb33bb16f03",
              "parentUUID": "8a44a5c0-8dc4-47f9-9340-0178f2e6197d",
              "isHook": true,
              "skipped": false
            }
          ],
          "afterHooks": [
            {
              "title": "\"after each\" hook in \"Make a Post\"",
              "fullTitle": "Make a Post \"after each\" hook in \"Make a Post\"",
              "timedOut": false,
              "duration": 1,
              "state": null,
              "speed": null,
              "pass": false,
              "fail": false,
              "pending": false,
              "context": null,
              "code": "server.close();",
              "err": {},
              "uuid": "ae0fbf2c-e31b-43e5-937f-e0e13b00408d",
              "parentUUID": "8a44a5c0-8dc4-47f9-9340-0178f2e6197d",
              "isHook": true,
              "skipped": false
            }
          ],
          "tests": [
            {
              "title": "responds to /api/post",
              "fullTitle": "Make a Post responds to /api/post",
              "timedOut": false,
              "duration": 188,
              "state": "passed",
              "speed": "slow",
              "pass": true,
              "fail": false,
              "pending": false,
              "context": null,
              "code": "this.timeout(3000)\n  request(server)\n    .post('/api/post')\n    .set({'Authorization': `Bearer ${token}`})\n    .send({'title': 'Testing test', 'text': 'This is a text'})\n    .expect(200)\n    .expect('Content-Type', /json/)\n    .end(function(err, res) {\n      \n      if (err) {\n        console.log(err)\n        return done(err);\n      }\n      console.log(res.body)\n      postId = res.body.message._id\n      return done();\n    });",
              "err": {},
              "uuid": "4f852109-e1da-4fa9-af3d-5f1525da10a0",
              "parentUUID": "8a44a5c0-8dc4-47f9-9340-0178f2e6197d",
              "isHook": false,
              "skipped": false
            }
          ],
          "suites": [],
          "passes": [
            "4f852109-e1da-4fa9-af3d-5f1525da10a0"
          ],
          "failures": [],
          "pending": [],
          "skipped": [],
          "duration": 188,
          "root": false,
          "rootEmpty": false,
          "_timeout": 2000
        },
        {
          "uuid": "054746bd-b01d-4525-a23d-bdbace1cee06",
          "title": "Get single Post",
          "fullFile": "C:\\Users\\andre\\Documents\\test\\app\\unitTests\\API\\postsTest.spec.js",
          "file": "\\postsTest.spec.js",
          "beforeHooks": [
            {
              "title": "\"before each\" hook in \"Get single Post\"",
              "fullTitle": "Get single Post \"before each\" hook in \"Get single Post\"",
              "timedOut": false,
              "duration": 0,
              "state": null,
              "speed": null,
              "pass": false,
              "fail": false,
              "pending": false,
              "context": null,
              "code": "server = require('../../server.js');",
              "err": {},
              "uuid": "42aa7bce-bc21-4afe-a1a1-c165d28fb52f",
              "parentUUID": "054746bd-b01d-4525-a23d-bdbace1cee06",
              "isHook": true,
              "skipped": false
            }
          ],
          "afterHooks": [
            {
              "title": "\"after each\" hook in \"Get single Post\"",
              "fullTitle": "Get single Post \"after each\" hook in \"Get single Post\"",
              "timedOut": false,
              "duration": 0,
              "state": null,
              "speed": null,
              "pass": false,
              "fail": false,
              "pending": false,
              "context": null,
              "code": "server.close();",
              "err": {},
              "uuid": "71e8962a-d415-49b0-8818-34ea99755d6a",
              "parentUUID": "054746bd-b01d-4525-a23d-bdbace1cee06",
              "isHook": true,
              "skipped": false
            }
          ],
          "tests": [
            {
              "title": "responds to /api/post",
              "fullTitle": "Get single Post responds to /api/post",
              "timedOut": false,
              "duration": 181,
              "state": "passed",
              "speed": "slow",
              "pass": true,
              "fail": false,
              "pending": false,
              "context": null,
              "code": "this.timeout(3000)\n  request(server)\n    .get('/api/post/'+postId)\n    .expect(200)\n    .expect('Content-Type', /json/)\n    .end(function(err, res) {\n    \n      if (err) {\n        console.log(err)\n        return done(err);\n      }\n      console.log(res.body)\n      return done();\n    });",
              "err": {},
              "uuid": "0dbe3485-952f-4643-a31d-581238ecbce4",
              "parentUUID": "054746bd-b01d-4525-a23d-bdbace1cee06",
              "isHook": false,
              "skipped": false
            }
          ],
          "suites": [],
          "passes": [
            "0dbe3485-952f-4643-a31d-581238ecbce4"
          ],
          "failures": [],
          "pending": [],
          "skipped": [],
          "duration": 181,
          "root": false,
          "rootEmpty": false,
          "_timeout": 2000
        },
        {
          "uuid": "36b58ecb-c606-445d-ac25-408090166952",
          "title": "Update Post",
          "fullFile": "C:\\Users\\andre\\Documents\\test\\app\\unitTests\\API\\postsTest.spec.js",
          "file": "\\postsTest.spec.js",
          "beforeHooks": [
            {
              "title": "\"before each\" hook in \"Update Post\"",
              "fullTitle": "Update Post \"before each\" hook in \"Update Post\"",
              "timedOut": false,
              "duration": 0,
              "state": null,
              "speed": null,
              "pass": false,
              "fail": false,
              "pending": false,
              "context": null,
              "code": "server = require('../../server.js');",
              "err": {},
              "uuid": "91d05505-d2cc-4159-9123-87486856e0d3",
              "parentUUID": "36b58ecb-c606-445d-ac25-408090166952",
              "isHook": true,
              "skipped": false
            }
          ],
          "afterHooks": [
            {
              "title": "\"after each\" hook in \"Update Post\"",
              "fullTitle": "Update Post \"after each\" hook in \"Update Post\"",
              "timedOut": false,
              "duration": 0,
              "state": null,
              "speed": null,
              "pass": false,
              "fail": false,
              "pending": false,
              "context": null,
              "code": "server.close();",
              "err": {},
              "uuid": "0e0f290f-f4b2-4589-9528-0c1f7498ed6c",
              "parentUUID": "36b58ecb-c606-445d-ac25-408090166952",
              "isHook": true,
              "skipped": false
            }
          ],
          "tests": [
            {
              "title": "responds to /api/post",
              "fullTitle": "Update Post responds to /api/post",
              "timedOut": false,
              "duration": 323,
              "state": "passed",
              "speed": "slow",
              "pass": true,
              "fail": false,
              "pending": false,
              "context": null,
              "code": "this.timeout(3000)\n  request(server)\n    .put('/api/post/'+postId)\n    .expect(200)\n    .set({'Authorization': `Bearer ${token}`})\n    .send({'title': 'Testing test v2', 'text': 'This is an updated text'})\n    .expect('Content-Type', /json/)\n    .end(function(err, res) {\n    \n      if (err) {\n        console.log(err)\n        return done(err);\n      }\n      console.log(res.body)\n      return done();\n    });",
              "err": {},
              "uuid": "1ad26885-7868-4a34-bc59-683cbd19dff8",
              "parentUUID": "36b58ecb-c606-445d-ac25-408090166952",
              "isHook": false,
              "skipped": false
            }
          ],
          "suites": [],
          "passes": [
            "1ad26885-7868-4a34-bc59-683cbd19dff8"
          ],
          "failures": [],
          "pending": [],
          "skipped": [],
          "duration": 323,
          "root": false,
          "rootEmpty": false,
          "_timeout": 2000
        },
        {
          "uuid": "20dc2b80-7fe2-42b3-aafb-bda2daba9338",
          "title": "Delete Post",
          "fullFile": "C:\\Users\\andre\\Documents\\test\\app\\unitTests\\API\\postsTest.spec.js",
          "file": "\\postsTest.spec.js",
          "beforeHooks": [
            {
              "title": "\"before each\" hook in \"Delete Post\"",
              "fullTitle": "Delete Post \"before each\" hook in \"Delete Post\"",
              "timedOut": false,
              "duration": 0,
              "state": null,
              "speed": null,
              "pass": false,
              "fail": false,
              "pending": false,
              "context": null,
              "code": "server = require('../../server.js');",
              "err": {},
              "uuid": "20531b3f-2a89-4787-99c3-53aa1e7ae87b",
              "parentUUID": "20dc2b80-7fe2-42b3-aafb-bda2daba9338",
              "isHook": true,
              "skipped": false
            }
          ],
          "afterHooks": [
            {
              "title": "\"after each\" hook in \"Delete Post\"",
              "fullTitle": "Delete Post \"after each\" hook in \"Delete Post\"",
              "timedOut": false,
              "duration": 1,
              "state": null,
              "speed": null,
              "pass": false,
              "fail": false,
              "pending": false,
              "context": null,
              "code": "server.close();",
              "err": {},
              "uuid": "c7c3c18e-739f-4daa-be54-fe7fe4482267",
              "parentUUID": "20dc2b80-7fe2-42b3-aafb-bda2daba9338",
              "isHook": true,
              "skipped": false
            }
          ],
          "tests": [
            {
              "title": "responds to /api/post",
              "fullTitle": "Delete Post responds to /api/post",
              "timedOut": false,
              "duration": 280,
              "state": "passed",
              "speed": "slow",
              "pass": true,
              "fail": false,
              "pending": false,
              "context": null,
              "code": "this.timeout(3000)\n  request(server)\n    .delete('/api/post/'+postId)\n    .expect(200)\n    .set({'Authorization': `Bearer ${token}`})\n    .expect('Content-Type', /json/)\n    .end(function(err, res) {\n    \n      if (err) {\n        console.log(err)\n        return done(err);\n      }\n      console.log(res.body)\n      return done();\n    });",
              "err": {},
              "uuid": "a8690471-7e80-4aee-a6e4-70f28f49d266",
              "parentUUID": "20dc2b80-7fe2-42b3-aafb-bda2daba9338",
              "isHook": false,
              "skipped": false
            }
          ],
          "suites": [],
          "passes": [
            "a8690471-7e80-4aee-a6e4-70f28f49d266"
          ],
          "failures": [],
          "pending": [],
          "skipped": [],
          "duration": 280,
          "root": false,
          "rootEmpty": false,
          "_timeout": 2000
        }
      ],
      "passes": [],
      "failures": [],
      "pending": [],
      "skipped": [],
      "duration": 0,
      "root": true,
      "rootEmpty": true,
      "_timeout": 2000
    }
  ],
  "meta": {
    "mocha": {
      "version": "9.0.2"
    },
    "mochawesome": {
      "options": {
        "quiet": false,
        "reportFilename": "mochawesome",
        "saveHtml": true,
        "saveJson": true,
        "consoleReporter": "spec",
        "useInlineDiffs": false,
        "code": true
      },
      "version": "6.2.2"
    },
    "marge": {
      "options": null,
      "version": "5.2.0"
    }
  }
}